<?xml version="1.0" encoding="UTF-8"?>
<robot generator="Robot 4.0.3 (Python 3.7.5 on win32)" generated="20210807 18:29:58.104" rpa="false" schemaversion="2">
<suite id="s1" name="Robot Scratchpad" source="c:\Users\User\.vscode\extensions\robocorp.robotframework-lsp-0.19.0\src\robotframework_ls\vendored\robotframework_interactive\robot_scratchpad.robot">
<test id="s1-t1" name="Default Task/Test">
<kw name="Interpreter Main Loop" library="MainLoop">
<kw name="Log" library="BuiltIn">
<arg>Done.</arg>
<doc>Logs the given message with the given level.</doc>
<status status="PASS" starttime="20210807 18:30:02.494" endtime="20210807 18:30:02.494"/>
</kw>
<status status="PASS" starttime="20210807 18:29:58.134" endtime="20210807 18:30:06.423"/>
</kw>
<status status="PASS" starttime="20210807 18:29:58.134" endtime="20210807 18:30:06.423"/>
</test>
<status status="PASS" starttime="20210807 18:29:58.106" endtime="20210807 18:30:06.427"/>
</suite>
<statistics>
<total>
<stat pass="1" fail="0" skip="0">All Tests</stat>
</total>
<tag>
</tag>
<suite>
<stat pass="1" fail="0" skip="0" id="s1" name="Robot Scratchpad">Robot Scratchpad</stat>
</suite>
</statistics>
<errors>
</errors>
</robot>
